2017-08-05 12:58:02,457 INFO  [Log] Application launched 
2017-08-05 13:04:24,341 INFO  [Log] Application launched 
2017-08-05 13:04:52,858 INFO  [Log] User signed in sucessfully 
2017-08-05 13:04:58,684 INFO  [Log] User on home screen 
2017-08-05 13:07:27,591 INFO  [Log] Application launched 
2017-08-05 13:07:53,816 INFO  [Log] User signed in successfully 
2017-08-05 13:07:59,249 INFO  [Log] User on home screen 
2017-08-05 14:16:21,824 INFO  [Log] Application launched 
2017-08-05 14:16:43,722 INFO  [Log] User signed in successfully 
2017-08-05 14:16:48,928 INFO  [Log] User on home screen 
2017-08-05 14:18:02,273 INFO  [Log] Application launched 
2017-08-05 14:18:28,479 INFO  [Log] User signed in successfully 
2017-08-05 14:18:33,532 INFO  [Log] User on home screen 
2017-08-05 14:29:03,288 INFO  [Log] Application launched 
2017-08-05 14:29:28,191 INFO  [Log] User signed in successfully 
2017-08-05 14:29:33,550 INFO  [Log] User on home screen 
2017-08-05 14:40:23,902 INFO  [Log] Application launched 
2017-08-05 14:45:22,194 INFO  [Log] Application launched 
2017-08-05 14:45:47,530 INFO  [Log] User signed in successfully 
2017-08-05 14:45:53,220 INFO  [Log] User on home screen 
2017-08-05 14:49:32,437 INFO  [Log] Application launched 
2017-08-05 14:49:56,876 INFO  [Log] User signed in successfully 
2017-08-05 14:50:02,652 INFO  [Log] User on home screen 
2017-08-05 14:53:05,125 INFO  [Log] Application launched 
2017-08-05 14:55:06,071 INFO  [Log] Application launched 
2017-08-05 15:13:45,967 INFO  [Log] Application launched 
2017-08-05 15:22:56,845 INFO  [Log] Application launched 
2017-08-05 16:26:31,449 INFO  [Log] Application launched 
2017-08-05 16:31:16,705 INFO  [Log] Application launched 
2017-08-05 16:34:33,741 INFO  [Log] Application launched 
2017-08-05 16:39:08,191 INFO  [Log] Application launched 
2017-08-05 17:07:03,911 INFO  [Log] Application launched 
2017-08-05 17:12:51,454 INFO  [Log] Application launched 
2017-08-05 17:20:01,123 INFO  [Log] Application launched 
2017-08-05 17:23:48,824 INFO  [Log] Application launched 
2017-08-05 17:38:32,790 INFO  [Log] Application launched 
2017-08-05 17:41:55,469 INFO  [Log] Application launched 
2017-08-05 17:46:59,883 INFO  [Log] Application launched 
2017-08-05 17:52:31,698 INFO  [Log] Application launched 
2017-08-05 18:03:47,992 INFO  [Log] Application launched 
2017-08-05 18:11:05,677 INFO  [Log] Application launched 
2017-08-05 18:13:03,779 INFO  [Log] Application launched 
2017-08-05 18:15:43,736 INFO  [Log] Application launched 
2017-08-05 18:19:09,086 INFO  [Log] Application launched 
2017-08-05 18:21:36,492 INFO  [Log] Application launched 
2017-08-05 18:23:21,601 INFO  [Log] Application launched 
2017-08-05 18:27:30,913 INFO  [Log] Application launched 
2017-08-05 18:30:18,119 INFO  [Log] Application launched 
2017-08-05 18:40:55,714 INFO  [Log] Application launched 
2017-08-05 18:42:18,437 INFO  [Log] Application launched 
2017-08-07 14:32:31,221 INFO  [Log] Application launched 
2017-08-07 14:33:59,316 INFO  [Log] Application launched 
2017-08-07 14:35:19,678 INFO  [Log] Application launched 
2017-08-07 14:36:43,409 INFO  [Log] Application launched 
2017-08-07 14:38:04,226 INFO  [Log] Application launched 
2017-08-07 14:39:24,715 INFO  [Log] Application launched 
2017-08-07 14:40:43,905 INFO  [Log] Application launched 
2017-08-07 14:42:07,731 INFO  [Log] Application launched 
2017-08-07 14:43:37,377 INFO  [Log] Application launched 
2017-08-07 14:45:40,717 INFO  [Log] Application launched 
2017-08-07 14:47:07,686 INFO  [Log] Application launched 
2017-08-07 14:48:56,800 INFO  [Log] Application launched 
2017-08-07 14:50:51,136 INFO  [Log] Application launched 
2017-08-07 14:52:51,183 INFO  [Log] Application launched 
2017-08-07 14:55:21,979 INFO  [Log] Application launched 
2017-08-07 14:57:55,142 INFO  [Log] Application launched 
2017-08-07 15:00:36,071 INFO  [Log] Application launched 
2017-08-07 15:02:34,052 INFO  [Log] Application launched 
2017-08-07 15:05:20,648 INFO  [Log] Application launched 
2017-08-07 15:05:48,896 INFO  [Log] User signed in successfully 
2017-08-07 15:06:04,008 INFO  [Log] User on home screen 
2017-08-07 15:07:22,233 INFO  [Log] Application launched 
2017-08-07 15:09:24,429 INFO  [Log] Application launched 
2017-08-07 15:11:11,974 INFO  [Log] Application launched 
2017-08-07 15:13:06,041 INFO  [Log] Application launched 
2017-08-07 15:14:57,894 INFO  [Log] Application launched 
2017-08-07 15:16:43,166 INFO  [Log] Application launched 
2017-08-07 15:18:14,574 INFO  [Log] Application launched 
2017-08-07 15:21:39,979 INFO  [Log] Application launched 
2017-08-07 15:23:18,488 INFO  [Log] Application launched 
2017-08-07 15:24:20,487 INFO  [Log] Application launched 
2017-08-07 15:25:56,771 INFO  [Log] Application launched 
2017-08-07 15:27:32,164 INFO  [Log] Application launched 
2017-08-07 15:29:18,651 INFO  [Log] Application launched 
2017-08-07 15:30:54,967 INFO  [Log] Application launched 
2017-08-07 15:32:32,798 INFO  [Log] Application launched 
2017-08-07 15:35:01,392 INFO  [Log] Application launched 
2017-08-07 15:38:59,231 INFO  [Log] Application launched 
2017-08-07 15:42:26,124 INFO  [Log] Application launched 
2017-08-07 15:46:11,376 INFO  [Log] Application launched 
2017-08-07 15:47:52,974 INFO  [Log] Application launched 
2017-08-07 15:49:41,474 INFO  [Log] Application launched 
2017-08-07 15:53:06,393 INFO  [Log] Application launched 
2017-08-07 15:55:36,617 INFO  [Log] Application launched 
2017-08-07 15:57:26,227 INFO  [Log] Application launched 
2017-08-07 16:00:57,088 INFO  [Log] Application launched 
2017-08-07 16:04:16,534 INFO  [Log] Application launched 
2017-08-07 16:06:18,106 INFO  [Log] Application launched 
2017-08-07 16:07:54,489 INFO  [Log] Application launched 
2017-08-07 16:09:28,115 INFO  [Log] Application launched 
2017-08-07 16:11:04,504 INFO  [Log] Application launched 
2017-08-08 12:23:28,869 INFO  [Log] Application launched 
2017-08-08 12:25:29,093 INFO  [Log] Application launched 
2017-08-08 12:27:37,731 INFO  [Log] Application launched 
2017-08-08 12:29:00,770 INFO  [Log] Application launched 
2017-08-08 12:30:30,701 INFO  [Log] Application launched 
2017-08-08 12:31:57,098 INFO  [Log] Application launched 
2017-08-08 12:33:33,677 INFO  [Log] Application launched 
2017-08-08 12:35:02,171 INFO  [Log] Application launched 
2017-08-08 12:36:44,517 INFO  [Log] Application launched 
2017-08-08 12:39:26,132 INFO  [Log] Application launched 
2017-08-08 12:41:06,644 INFO  [Log] Application launched 
2017-08-08 12:43:23,429 INFO  [Log] Application launched 
2017-08-08 12:45:13,451 INFO  [Log] Application launched 
2017-08-08 12:47:10,114 INFO  [Log] Application launched 
2017-08-08 12:49:45,473 INFO  [Log] Application launched 
2017-08-08 12:52:34,500 INFO  [Log] Application launched 
2017-08-08 12:55:18,645 INFO  [Log] Application launched 
2017-08-08 12:56:58,074 INFO  [Log] Application launched 
2017-08-08 12:59:32,530 INFO  [Log] Application launched 
2017-08-08 13:00:00,441 INFO  [Log] User signed in successfully 
2017-08-08 13:00:06,604 INFO  [Log] User on home screen 
2017-08-08 13:01:18,708 INFO  [Log] Application launched 
2017-08-08 13:02:57,895 INFO  [Log] Application launched 
2017-08-08 13:04:51,672 INFO  [Log] Application launched 
2017-08-08 13:06:36,199 INFO  [Log] Application launched 
2017-08-08 13:08:10,447 INFO  [Log] Application launched 
2017-08-08 13:10:11,943 INFO  [Log] Application launched 
2017-08-08 13:11:47,573 INFO  [Log] Application launched 
2017-08-08 13:13:30,276 INFO  [Log] Application launched 
2017-08-08 13:15:02,055 INFO  [Log] Application launched 
2017-08-08 13:16:40,771 INFO  [Log] Application launched 
2017-08-08 13:17:47,334 INFO  [Log] Application launched 
2017-08-08 13:19:35,492 INFO  [Log] Application launched 
2017-08-08 13:21:24,329 INFO  [Log] Application launched 
2017-08-08 13:23:17,076 INFO  [Log] Application launched 
2017-08-08 13:24:55,190 INFO  [Log] Application launched 
2017-08-08 13:26:38,663 INFO  [Log] Application launched 
2017-08-08 13:29:17,354 INFO  [Log] Application launched 
2017-08-08 13:32:48,277 INFO  [Log] Application launched 
2017-08-08 13:36:39,774 INFO  [Log] Application launched 
2017-08-08 13:40:42,022 INFO  [Log] Application launched 
2017-08-08 13:42:23,854 INFO  [Log] Application launched 
2017-08-08 13:44:12,233 INFO  [Log] Application launched 
2017-08-08 13:47:48,071 INFO  [Log] Application launched 
2017-08-08 13:50:27,308 INFO  [Log] Application launched 
2017-08-08 13:52:19,633 INFO  [Log] Application launched 
2017-08-08 13:55:44,168 INFO  [Log] Application launched 
2017-08-08 13:59:05,984 INFO  [Log] Application launched 
2017-08-08 14:00:44,147 INFO  [Log] Application launched 
2017-08-08 14:02:22,661 INFO  [Log] Application launched 
2017-08-08 14:04:03,110 INFO  [Log] Application launched 
2017-08-08 14:05:43,845 INFO  [Log] Application launched 
2017-08-08 15:28:19,393 INFO  [Log] Application launched 
2017-08-08 15:28:43,253 INFO  [Log] User signed in successfully 
2017-08-08 15:28:48,836 INFO  [Log] User on home screen 
2017-08-08 15:34:21,290 INFO  [Log] Application launched. 
2017-08-08 15:34:45,618 INFO  [Log] User signed in successfully 
2017-08-08 15:34:51,188 INFO  [Log] User on home screen 
2017-08-08 15:36:16,291 INFO  [Log] Application launched. 
2017-08-08 15:36:40,154 INFO  [Log] User signed in successfully 
2017-08-08 15:36:46,945 INFO  [Log] User on home screen 
2017-08-08 15:39:44,693 INFO  [Log] Application launched. 
2017-08-08 15:40:10,458 INFO  [Log] User signed in successfully 
2017-08-08 15:40:16,156 INFO  [Log] User on home screen 
2017-08-08 15:45:32,839 INFO  [Log] Application launched. 
2017-08-08 15:45:58,400 INFO  [Log] User signed in successfully 
2017-08-08 15:46:04,621 INFO  [Log] User on home screen 
2017-08-08 15:54:19,758 INFO  [Log] Application launched. 
2017-08-08 15:54:43,403 INFO  [Log] User signed in successfully 
2017-08-08 15:54:49,018 INFO  [Log] User on home screen 
2017-08-08 15:56:53,608 INFO  [Log] Application launched. 
2017-08-08 16:05:00,666 INFO  [Log] Application launched. 
2017-08-08 16:05:23,105 INFO  [Log] User signed in successfully 
2017-08-08 16:05:28,579 INFO  [Log] User on home screen 
2017-08-08 16:15:36,385 INFO  [Log] Application launched. 
2017-08-08 16:43:28,867 INFO  [Log] Application launched. 
2017-08-08 16:55:14,852 INFO  [Log] Application launched. 
2017-08-08 17:00:41,003 INFO  [Log] Application launched. 
2017-08-08 17:02:21,516 INFO  [Log] Application launched. 
2017-08-08 17:32:35,697 INFO  [Log] Application launched. 
2017-08-08 17:33:38,343 INFO  [Log] Application launched. 
2017-08-08 17:34:00,915 INFO  [Log] User signed in successfully 
2017-08-08 17:34:06,646 INFO  [Log] User on home screen 
2017-08-08 17:41:01,037 INFO  [Log] Application launched. 
2017-08-08 17:52:44,270 INFO  [Log] Application launched. 
2017-08-08 17:53:47,353 INFO  [Log] Application launched. 
2017-08-08 17:56:48,235 INFO  [Log] Application launched. 
2017-08-08 17:57:53,875 INFO  [Log] Application launched. 
2018-02-28 19:22:09,875 INFO  [Log] Application launched. 
2018-02-28 19:23:17,831 INFO  [Log] Application launched. 
2018-02-28 19:27:39,680 INFO  [Log] Application launched. 
2018-02-28 19:29:19,599 INFO  [Log] Application launched. 
2018-02-28 19:31:29,524 INFO  [Log] Application launched. 
2018-03-01 15:37:09,075 INFO  [Log] Application launched. 
2018-03-01 15:38:19,330 INFO  [Log] Application launched. 
